WARNING:absl:No GPU/TPU found, falling back to CPU. (Set TF_CPP_MIN_LOG_LEVEL=0 and rerun for more info.)
*** SIGTERM received at time=1652928774 on cpu 10 ***
PC: @     0x7fc1e62c5ad3  (unknown)  pthread_cond_wait@@GLIBC_2.3.2
    @     0x7fc1e6515f10  (unknown)  (unknown)
[2022-05-19 08:22:54,843 E 17240 17240] logging.cc:325: *** SIGTERM received at time=1652928774 on cpu 10 ***
[2022-05-19 08:22:54,843 E 17240 17240] logging.cc:325: PC: @     0x7fc1e62c5ad3  (unknown)  pthread_cond_wait@@GLIBC_2.3.2
[2022-05-19 08:22:54,843 E 17240 17240] logging.cc:325:     @     0x7fc1e6515f10  (unknown)  (unknown)
Successfully loaded Static Constraints dataset.
Number of distinct solutions in train set: 1590
Number of distinct solutions in test set: 995
[2m[36m(ilp_solver pid=17934)[0m Academic license - for non-commercial use only - expires 2022-09-01
[2m[36m(ilp_solver pid=17934)[0m Using license file /home/rishabh/gurobi.lic
[2m[36m(ilp_solver pid=17933)[0m Academic license - for non-commercial use only - expires 2022-09-01
[2m[36m(ilp_solver pid=17933)[0m Using license file /home/rishabh/gurobi.lic
[2m[36m(ilp_solver pid=17927)[0m Academic license - for non-commercial use only - expires 2022-09-01
[2m[36m(ilp_solver pid=17927)[0m Using license file /home/rishabh/gurobi.lic
[2m[36m(ilp_solver pid=17930)[0m Academic license - for non-commercial use only - expires 2022-09-01
[2m[36m(ilp_solver pid=17930)[0m Using license file /home/rishabh/gurobi.lic
[2m[36m(ilp_solver pid=17935)[0m Academic license - for non-commercial use only - expires 2022-09-01
[2m[36m(ilp_solver pid=17935)[0m Using license file /home/rishabh/gurobi.lic
[2m[36m(ilp_solver pid=17928)[0m Academic license - for non-commercial use only - expires 2022-09-01
[2m[36m(ilp_solver pid=17928)[0m Using license file /home/rishabh/gurobi.lic
[2m[36m(ilp_solver pid=17929)[0m Academic license - for non-commercial use only - expires 2022-09-01
[2m[36m(ilp_solver pid=17929)[0m Using license file /home/rishabh/gurobi.lic
[2m[36m(ilp_solver pid=17931)[0m Academic license - for non-commercial use only - expires 2022-09-01
[2m[36m(ilp_solver pid=17931)[0m Using license file /home/rishabh/gurobi.lic
Evaluation:: Loss: 0.1176, Perfect acc: 0.0790
Epoch:  1, Train loss: 0.1115, Perfect acc: 0.0906
[2m[36m(ilp_solver pid=32555)[0m Academic license - for non-commercial use only - expires 2022-09-01
[2m[36m(ilp_solver pid=32555)[0m Using license file /home/rishabh/gurobi.lic
Epoch:  2, Train loss: 0.0992, Perfect acc: 0.1225
[2m[36m(ilp_solver pid=32655)[0m Academic license - for non-commercial use only - expires 2022-09-01
[2m[36m(ilp_solver pid=32655)[0m Using license file /home/rishabh/gurobi.lic
Epoch:  3, Train loss: 0.0908, Perfect acc: 0.1544
Epoch:  4, Train loss: 0.0832, Perfect acc: 0.1794
Epoch:  5, Train loss: 0.0771, Perfect acc: 0.1969
Epoch:  6, Train loss: 0.0707, Perfect acc: 0.2162
Epoch:  7, Train loss: 0.0640, Perfect acc: 0.2313
Epoch:  8, Train loss: 0.0570, Perfect acc: 0.2469
Epoch:  9, Train loss: 0.0503, Perfect acc: 0.2650
