WARNING:absl:No GPU/TPU found, falling back to CPU. (Set TF_CPP_MIN_LOG_LEVEL=0 and rerun for more info.)
*** SIGTERM received at time=1652928774 on cpu 10 ***
PC: @     0x7f064eee2ad3  (unknown)  pthread_cond_wait@@GLIBC_2.3.2
    @     0x7f064f132f10  (unknown)  (unknown)
[2022-05-19 08:22:54,852 E 17242 17242] logging.cc:325: *** SIGTERM received at time=1652928774 on cpu 10 ***
[2022-05-19 08:22:54,852 E 17242 17242] logging.cc:325: PC: @     0x7f064eee2ad3  (unknown)  pthread_cond_wait@@GLIBC_2.3.2
2022-05-19 08:22:54,851	WARNING worker.py:1382 -- The autoscaler failed with the following error:
Terminated with signal 15
  File "/home/rishabh/.local/share/virtualenvs/CombOptNetJAX-wSKOtHoc/lib/python3.6/site-packages/ray/autoscaler/_private/monitor.py", line 607, in <module>
    monitor.run()
  File "/home/rishabh/.local/share/virtualenvs/CombOptNetJAX-wSKOtHoc/lib/python3.6/site-packages/ray/autoscaler/_private/monitor.py", line 484, in run
    self._run()
  File "/home/rishabh/.local/share/virtualenvs/CombOptNetJAX-wSKOtHoc/lib/python3.6/site-packages/ray/autoscaler/_private/monitor.py", line 388, in _run
    time.sleep(AUTOSCALER_UPDATE_INTERVAL_S)

[2022-05-19 08:22:54,854 E 17242 17242] logging.cc:325:     @     0x7f064f132f10  (unknown)  (unknown)
Successfully loaded Static Constraints dataset.
Number of distinct solutions in train set: 1586
Number of distinct solutions in test set: 994
[2m[36m(ilp_solver pid=17659)[0m Academic license - for non-commercial use only - expires 2022-09-01
[2m[36m(ilp_solver pid=17659)[0m Using license file /home/rishabh/gurobi.lic
[2m[36m(ilp_solver pid=17655)[0m Academic license - for non-commercial use only - expires 2022-09-01
[2m[36m(ilp_solver pid=17655)[0m Using license file /home/rishabh/gurobi.lic
[2m[36m(ilp_solver pid=17654)[0m Academic license - for non-commercial use only - expires 2022-09-01
[2m[36m(ilp_solver pid=17654)[0m Using license file /home/rishabh/gurobi.lic
[2m[36m(ilp_solver pid=17660)[0m Academic license - for non-commercial use only - expires 2022-09-01
[2m[36m(ilp_solver pid=17660)[0m Using license file /home/rishabh/gurobi.lic
[2m[36m(ilp_solver pid=17661)[0m Academic license - for non-commercial use only - expires 2022-09-01
[2m[36m(ilp_solver pid=17661)[0m Using license file /home/rishabh/gurobi.lic
[2m[36m(ilp_solver pid=17658)[0m Academic license - for non-commercial use only - expires 2022-09-01
[2m[36m(ilp_solver pid=17658)[0m Using license file /home/rishabh/gurobi.lic
[2m[36m(ilp_solver pid=17662)[0m Academic license - for non-commercial use only - expires 2022-09-01
[2m[36m(ilp_solver pid=17662)[0m Using license file /home/rishabh/gurobi.lic
[2m[36m(ilp_solver pid=17656)[0m Academic license - for non-commercial use only - expires 2022-09-01
[2m[36m(ilp_solver pid=17656)[0m Using license file /home/rishabh/gurobi.lic
Evaluation:: Loss: 0.0892, Perfect acc: 0.1890
Epoch:  1, Train loss: 0.0807, Perfect acc: 0.2181
Epoch:  2, Train loss: 0.0654, Perfect acc: 0.2969
[2m[36m(ilp_solver pid=32690)[0m Academic license - for non-commercial use only - expires 2022-09-01
[2m[36m(ilp_solver pid=32690)[0m Using license file /home/rishabh/gurobi.lic
Epoch:  3, Train loss: 0.0554, Perfect acc: 0.3513
Epoch:  4, Train loss: 0.0484, Perfect acc: 0.3969
Epoch:  5, Train loss: 0.0440, Perfect acc: 0.4363
Epoch:  6, Train loss: 0.0404, Perfect acc: 0.4594
Epoch:  7, Train loss: 0.0373, Perfect acc: 0.4838
[2m[36m(ilp_solver pid=772)[0m Academic license - for non-commercial use only - expires 2022-09-01
[2m[36m(ilp_solver pid=772)[0m Using license file /home/rishabh/gurobi.lic
Epoch:  8, Train loss: 0.0351, Perfect acc: 0.5056
Epoch:  9, Train loss: 0.0328, Perfect acc: 0.5294
